<?xml version="1.0" encoding="UTF-8"?>
<!-- Generated by org.testng.reporters.JUnitXMLReporter -->
<testsuite ignored="0" hostname="DESKTOP-367I245" failures="0" tests="5" name="Account Page Test" time="11.428" errors="0" timestamp="2023-03-02T10:48:42 GMT+05:30">
  <testcase classname="com.qa.DemoCart.tests.AccountsPageTest" name="AccountPageHeadertest" time="0.031"/>
  <testcase classname="com.qa.DemoCart.tests.AccountsPageTest" name="AccountPageTitleTest" time="0.035"/>
  <testcase classname="com.qa.DemoCart.tests.AccountsPageTest" name="AccountSectionsListTest" time="0.308"/>
  <testcase classname="com.qa.DemoCart.tests.AccountsPageTest" name="AccountpageLogo" time="0.094"/>
  <testcase classname="com.qa.DemoCart.tests.AccountsPageTest" name="isLogoutlinkTest" time="0.071"/>
</testsuite> <!-- Account Page Test -->
