<?xml version="1.0" encoding="UTF-8"?>
<!-- Generated by org.testng.reporters.JUnitXMLReporter -->
<testsuite ignored="1" hostname="DESKTOP-367I245" failures="0" tests="3" name="Login Page Test" time="11.175" errors="0" timestamp="2023-03-02T10:48:42 GMT+05:30">
  <testcase classname="com.qa.DemoCart.tests.LoginPageTest" name="LoginPageTitleTest" time="0.223"/>
  <testcase classname="com.qa.DemoCart.tests.LoginPageTest" name="forgotpwdlinktest" time="0.129"/>
  <testcase classname="com.qa.DemoCart.tests.LoginPageTest" name="dologintest" time="1.809"/>
  <testcase classname="com.qa.DemoCart.tests.LoginPageTest" name="LoginPageURLTest" time="0.0">
    <ignored/>
  </testcase> <!-- LoginPageURLTest -->
</testsuite> <!-- Login Page Test -->
