<?xml version="1.0" encoding="UTF-8"?>
<!-- Generated by org.testng.reporters.JUnitXMLReporter -->
<testsuite ignored="0" hostname="DESKTOP-367I245" failures="0" tests="4" name="Registration Page Test" time="18.636" errors="0" timestamp="2023-03-02T10:49:01 GMT+05:30">
  <testcase classname="com.qa.DemoCart.tests.RegistrationPageTest" name="userRegistrationTest" time="3.29"/>
  <testcase classname="com.qa.DemoCart.tests.RegistrationPageTest" name="userRegistrationTest" time="2.838"/>
  <testcase classname="com.qa.DemoCart.tests.RegistrationPageTest" name="userRegistrationTest" time="3.586"/>
  <testcase classname="com.qa.DemoCart.tests.RegistrationPageTest" name="userRegistrationTest" time="3.592"/>
</testsuite> <!-- Registration Page Test -->
